=====================================================================================================================================================
Controller: files
Action: getChildFolderTree
Id: 
stdClass Object
(
    [dir] => /
)

Timer app:0.010482us
=====================================================================================================================================================
Controller: files
Action: getChildFolderTree
Id: 
stdClass Object
(
    [dir] => /
    [PHPSESSID] => a74f9089dfbe9107b321f4011c855eb7
)

Timer app:0.006405us
=====================================================================================================================================================
Controller: files
Action: getChildFolderTree
Id: 
stdClass Object
(
    [dir] => /
    [PHPSESSID] => a74f9089dfbe9107b321f4011c855eb7
)

Timer app:0.007366us
=====================================================================================================================================================
Controller: files
Action: getChildFolderTree
Id: 
stdClass Object
(
    [dir] => /
    [PHPSESSID] => a74f9089dfbe9107b321f4011c855eb7
)

Timer app:0.006224us
=====================================================================================================================================================
Controller: files
Action: getChildFolderTree
Id: 
stdClass Object
(
    [dir] => /
    [PHPSESSID] => a74f9089dfbe9107b321f4011c855eb7
)

Timer app:0.006164us
