=====================================================================================================================================================
Controller: files
Action: 
Id: 
stdClass Object
(
    [dir] => images
    [PHPSESSID] => 22d6606bd431d86ff74020fcd770ab15
    [ys-saf] => o:statePath=s%3Aimages^treePanelHidden=b%3A0^propertiesPanelHidden=b%3A0
)

Timer app:0.011162us
=====================================================================================================================================================
Controller: files
Action: preview
Id: images/190220111220.jpg
stdClass Object
(
    [width] => 100
    [height] => 75
    [mode] => 2
    [PHPSESSID] => 22d6606bd431d86ff74020fcd770ab15
    [ys-saf] => o:statePath=s%3Aimages^treePanelHidden=b%3A0^propertiesPanelHidden=b%3A0
)

100,75
Timer app:0.009586us
=====================================================================================================================================================
Controller: files
Action: getChildFolderTree
Id: 
stdClass Object
(
    [dir] => /
    [PHPSESSID] => 22d6606bd431d86ff74020fcd770ab15
    [ys-saf] => o:statePath=s%3Aimages^treePanelHidden=b%3A0^propertiesPanelHidden=b%3A0
)

Timer app:0.007038us
=====================================================================================================================================================
Controller: files
Action: 
Id: 
stdClass Object
(
    [dir] => images
    [PHPSESSID] => 22d6606bd431d86ff74020fcd770ab15
    [ys-saf] => o:statePath=s%3Aimages^treePanelHidden=b%3A0^propertiesPanelHidden=b%3A0
)

Timer app:0.016179us
=====================================================================================================================================================
Controller: files
Action: preview
Id: images/190220111220.jpg
stdClass Object
(
    [width] => 100
    [height] => 75
    [mode] => 2
    [PHPSESSID] => 22d6606bd431d86ff74020fcd770ab15
    [ys-saf] => o:statePath=s%3Aimages^treePanelHidden=b%3A0^propertiesPanelHidden=b%3A0
)

100,75
Timer app:0.011021us
=====================================================================================================================================================
Controller: files
Action: getChildFolderTree
Id: 
stdClass Object
(
    [dir] => /
    [PHPSESSID] => 22d6606bd431d86ff74020fcd770ab15
    [ys-saf] => o:statePath=s%3Aimages^treePanelHidden=b%3A0^propertiesPanelHidden=b%3A0
)

Timer app:0.00788us
=====================================================================================================================================================
Controller: files
Action: 
Id: 
stdClass Object
(
    [dir] => images
    [PHPSESSID] => 22d6606bd431d86ff74020fcd770ab15
    [ys-saf] => o:statePath=s%3Aimages^treePanelHidden=b%3A0^propertiesPanelHidden=b%3A0
)

Timer app:0.010808us
=====================================================================================================================================================
Controller: files
Action: preview
Id: images/190220111220.jpg
stdClass Object
(
    [width] => 100
    [height] => 75
    [mode] => 2
    [PHPSESSID] => 22d6606bd431d86ff74020fcd770ab15
    [ys-saf] => o:statePath=s%3Aimages^treePanelHidden=b%3A0^propertiesPanelHidden=b%3A0
)

100,75
Timer app:0.01092us
=====================================================================================================================================================
Controller: files
Action: getChildFolderTree
Id: 
stdClass Object
(
    [dir] => /
    [PHPSESSID] => 22d6606bd431d86ff74020fcd770ab15
    [ys-saf] => o:statePath=s%3Aimages^treePanelHidden=b%3A0^propertiesPanelHidden=b%3A0
)

Timer app:-0.991777us
=====================================================================================================================================================
Controller: files
Action: 
Id: 
stdClass Object
(
    [dir] => images
    [PHPSESSID] => 22d6606bd431d86ff74020fcd770ab15
    [ys-saf] => o:statePath=s%3Aimages^treePanelHidden=b%3A0^propertiesPanelHidden=b%3A0
)

Timer app:0.009825us
=====================================================================================================================================================
Controller: files
Action: preview
Id: images/190220111220.jpg
stdClass Object
(
    [width] => 100
    [height] => 75
    [mode] => 2
    [PHPSESSID] => 22d6606bd431d86ff74020fcd770ab15
    [ys-saf] => o:statePath=s%3Aimages^treePanelHidden=b%3A0^propertiesPanelHidden=b%3A0
)

100,75
Timer app:0.010024us
=====================================================================================================================================================
Controller: files
Action: getChildFolderTree
Id: 
stdClass Object
(
    [dir] => /
    [PHPSESSID] => 22d6606bd431d86ff74020fcd770ab15
    [ys-saf] => o:statePath=s%3Aimages^treePanelHidden=b%3A0^propertiesPanelHidden=b%3A0
)

Timer app:0.0075us
=====================================================================================================================================================
Controller: files
Action: 
Id: 
stdClass Object
(
    [dir] => images
    [PHPSESSID] => 22d6606bd431d86ff74020fcd770ab15
    [ys-saf] => o:statePath=s%3Aimages^treePanelHidden=b%3A0^propertiesPanelHidden=b%3A0
)

Timer app:0.012584us
=====================================================================================================================================================
Controller: files
Action: preview
Id: images/190220111220.jpg
stdClass Object
(
    [width] => 100
    [height] => 75
    [mode] => 2
    [PHPSESSID] => 22d6606bd431d86ff74020fcd770ab15
    [ys-saf] => o:statePath=s%3Aimages^treePanelHidden=b%3A0^propertiesPanelHidden=b%3A0
)

100,75
Timer app:0.014123us
=====================================================================================================================================================
Controller: files
Action: getChildFolderTree
Id: 
stdClass Object
(
    [dir] => /
    [PHPSESSID] => 22d6606bd431d86ff74020fcd770ab15
    [ys-saf] => o:statePath=s%3Aimages^treePanelHidden=b%3A0^propertiesPanelHidden=b%3A0
)

Timer app:0.01122us
=====================================================================================================================================================
Controller: files
Action: 
Id: 
stdClass Object
(
    [dir] => images
    [PHPSESSID] => 22d6606bd431d86ff74020fcd770ab15
    [ys-saf] => o:statePath=s%3Aimages^treePanelHidden=b%3A0^propertiesPanelHidden=b%3A0
)

Timer app:0.009405us
=====================================================================================================================================================
Controller: files
Action: preview
Id: images/190220111220.jpg
stdClass Object
(
    [width] => 100
    [height] => 75
    [mode] => 2
    [PHPSESSID] => 22d6606bd431d86ff74020fcd770ab15
    [ys-saf] => o:statePath=s%3Aimages^treePanelHidden=b%3A0^propertiesPanelHidden=b%3A0
)

100,75
Timer app:0.00952us
=====================================================================================================================================================
Controller: files
Action: getChildFolderTree
Id: 
stdClass Object
(
    [dir] => /
    [PHPSESSID] => 22d6606bd431d86ff74020fcd770ab15
    [ys-saf] => o:statePath=s%3Aimages^treePanelHidden=b%3A0^propertiesPanelHidden=b%3A0
)

Timer app:0.007822us
=====================================================================================================================================================
Controller: files
Action: 
Id: 
stdClass Object
(
    [dir] => images
    [PHPSESSID] => 22d6606bd431d86ff74020fcd770ab15
    [ys-saf] => o:statePath=s%3Aimages^treePanelHidden=b%3A0^propertiesPanelHidden=b%3A0
)

Timer app:0.010251us
=====================================================================================================================================================
Controller: files
Action: preview
Id: images/190220111220.jpg
stdClass Object
(
    [width] => 100
    [height] => 75
    [mode] => 2
    [PHPSESSID] => 22d6606bd431d86ff74020fcd770ab15
    [ys-saf] => o:statePath=s%3Aimages^treePanelHidden=b%3A0^propertiesPanelHidden=b%3A0
)

100,75
Timer app:0.01218us
=====================================================================================================================================================
Controller: files
Action: getChildFolderTree
Id: 
stdClass Object
(
    [dir] => /
    [PHPSESSID] => 22d6606bd431d86ff74020fcd770ab15
    [ys-saf] => o:statePath=s%3Aimages^treePanelHidden=b%3A0^propertiesPanelHidden=b%3A0
)

Timer app:0.0075us
=====================================================================================================================================================
Controller: files
Action: 
Id: 
stdClass Object
(
    [dir] => images
    [PHPSESSID] => 22d6606bd431d86ff74020fcd770ab15
    [ys-saf] => o:statePath=s%3Aimages^treePanelHidden=b%3A0^propertiesPanelHidden=b%3A0
)

Timer app:0.0101us
=====================================================================================================================================================
Controller: files
Action: preview
Id: images/190220111220.jpg
stdClass Object
(
    [width] => 100
    [height] => 75
    [mode] => 2
    [PHPSESSID] => 22d6606bd431d86ff74020fcd770ab15
    [ys-saf] => o:statePath=s%3Aimages^treePanelHidden=b%3A0^propertiesPanelHidden=b%3A0
)

100,75
Timer app:0.012995us
=====================================================================================================================================================
Controller: files
Action: getChildFolderTree
Id: 
stdClass Object
(
    [dir] => /
    [PHPSESSID] => 22d6606bd431d86ff74020fcd770ab15
    [ys-saf] => o:statePath=s%3Aimages^treePanelHidden=b%3A0^propertiesPanelHidden=b%3A0
)

Timer app:0.007268us
=====================================================================================================================================================
Controller: files
Action: 
Id: 
stdClass Object
(
    [dir] => images
    [PHPSESSID] => 22d6606bd431d86ff74020fcd770ab15
    [ys-saf] => o:statePath=s%3Aimages^treePanelHidden=b%3A0^propertiesPanelHidden=b%3A0
)

Timer app:0.009813us
=====================================================================================================================================================
Controller: files
Action: preview
Id: images/190220111220.jpg
stdClass Object
(
    [width] => 100
    [height] => 75
    [mode] => 2
    [PHPSESSID] => 22d6606bd431d86ff74020fcd770ab15
    [ys-saf] => o:statePath=s%3Aimages^treePanelHidden=b%3A0^propertiesPanelHidden=b%3A0
)

100,75
Timer app:0.009928us
=====================================================================================================================================================
Controller: files
Action: getChildFolderTree
Id: 
stdClass Object
(
    [dir] => /
)

Timer app:0.008889us
=====================================================================================================================================================
Controller: files
Action: 
Id: 
stdClass Object
(
    [dir] => images
    [PHPSESSID] => 4c20161b7920c5fc89af98635a98e4b9
)

Timer app:0.011718us
=====================================================================================================================================================
Controller: files
Action: preview
Id: images/190220111220.jpg
stdClass Object
(
    [width] => 100
    [height] => 75
    [mode] => 2
    [PHPSESSID] => 4c20161b7920c5fc89af98635a98e4b9
    [ys-saf] => o:statePath=s%3Aimages^treePanelHidden=b%3A0^propertiesPanelHidden=b%3A0
)

100,75
Timer app:0.013019us
=====================================================================================================================================================
Controller: files
Action: getChildFolderTree
Id: 
stdClass Object
(
    [dir] => /
)

Timer app:0.007383us
=====================================================================================================================================================
Controller: files
Action: 
Id: 
stdClass Object
(
    [dir] => images
    [PHPSESSID] => b1fab5f599fc26ea6c2fa10eae267e0c
)

Timer app:0.011373us
=====================================================================================================================================================
Controller: files
Action: preview
Id: images/190220111220.jpg
stdClass Object
(
    [width] => 100
    [height] => 75
    [mode] => 2
    [PHPSESSID] => b1fab5f599fc26ea6c2fa10eae267e0c
    [ys-saf] => o:statePath=s%3Aimages^treePanelHidden=b%3A0^propertiesPanelHidden=b%3A0
)

100,75
Timer app:0.010269us
=====================================================================================================================================================
Controller: files
Action: getChildFolderTree
Id: 
stdClass Object
(
    [dir] => /
    [PHPSESSID] => 4c20161b7920c5fc89af98635a98e4b9
    [ys-saf] => o:statePath=s%3Aimages^treePanelHidden=b%3A0^propertiesPanelHidden=b%3A0
)

Timer app:0.007459us
=====================================================================================================================================================
Controller: files
Action: 
Id: 
stdClass Object
(
    [dir] => images
    [PHPSESSID] => 4c20161b7920c5fc89af98635a98e4b9
    [ys-saf] => o:statePath=s%3Aimages^treePanelHidden=b%3A0^propertiesPanelHidden=b%3A0
)

Timer app:0.011992us
=====================================================================================================================================================
Controller: files
Action: preview
Id: images/190220111220.jpg
stdClass Object
(
    [width] => 100
    [height] => 75
    [mode] => 2
    [PHPSESSID] => 4c20161b7920c5fc89af98635a98e4b9
    [ys-saf] => o:statePath=s%3Aimages^treePanelHidden=b%3A0^propertiesPanelHidden=b%3A0
)

100,75
Timer app:0.011842us
=====================================================================================================================================================
Controller: files
Action: getChildFolderTree
Id: 
stdClass Object
(
    [dir] => /
    [PHPSESSID] => 4c20161b7920c5fc89af98635a98e4b9
    [ys-saf] => o:statePath=s%3Aimages^treePanelHidden=b%3A0^propertiesPanelHidden=b%3A0
)

Timer app:0.007336us
=====================================================================================================================================================
Controller: files
Action: 
Id: 
stdClass Object
(
    [dir] => images
    [PHPSESSID] => 4c20161b7920c5fc89af98635a98e4b9
    [ys-saf] => o:statePath=s%3Aimages^treePanelHidden=b%3A0^propertiesPanelHidden=b%3A0
)

Timer app:0.01144us
=====================================================================================================================================================
Controller: files
Action: preview
Id: images/190220111220.jpg
stdClass Object
(
    [width] => 100
    [height] => 75
    [mode] => 2
    [PHPSESSID] => 4c20161b7920c5fc89af98635a98e4b9
    [ys-saf] => o:statePath=s%3Aimages^treePanelHidden=b%3A0^propertiesPanelHidden=b%3A0
)

100,75
Timer app:0.012154us
=====================================================================================================================================================
Controller: files
Action: getChildFolderTree
Id: 
stdClass Object
(
    [dir] => /
    [PHPSESSID] => 4c20161b7920c5fc89af98635a98e4b9
    [ys-saf] => o:statePath=s%3Aimages^treePanelHidden=b%3A0^propertiesPanelHidden=b%3A0
)

Timer app:0.007022us
=====================================================================================================================================================
Controller: files
Action: 
Id: 
stdClass Object
(
    [dir] => images
    [PHPSESSID] => 4c20161b7920c5fc89af98635a98e4b9
    [ys-saf] => o:statePath=s%3Aimages^treePanelHidden=b%3A0^propertiesPanelHidden=b%3A0
)

Timer app:0.015802us
=====================================================================================================================================================
Controller: files
Action: preview
Id: images/190220111220.jpg
stdClass Object
(
    [width] => 100
    [height] => 75
    [mode] => 2
    [PHPSESSID] => 4c20161b7920c5fc89af98635a98e4b9
    [ys-saf] => o:statePath=s%3Aimages^treePanelHidden=b%3A0^propertiesPanelHidden=b%3A0
)

100,75
Timer app:0.01358us
=====================================================================================================================================================
Controller: files
Action: getChildFolderTree
Id: 
stdClass Object
(
    [dir] => /
    [PHPSESSID] => 4c20161b7920c5fc89af98635a98e4b9
    [ys-saf] => o:statePath=s%3Aimages^treePanelHidden=b%3A0^propertiesPanelHidden=b%3A0
)

Timer app:0.007827us
=====================================================================================================================================================
Controller: files
Action: 
Id: 
stdClass Object
(
    [dir] => images
    [PHPSESSID] => 4c20161b7920c5fc89af98635a98e4b9
    [ys-saf] => o:statePath=s%3Aimages^treePanelHidden=b%3A0^propertiesPanelHidden=b%3A0
)

Timer app:0.011542us
=====================================================================================================================================================
Controller: files
Action: preview
Id: images/190220111220.jpg
stdClass Object
(
    [width] => 100
    [height] => 75
    [mode] => 2
    [PHPSESSID] => 4c20161b7920c5fc89af98635a98e4b9
    [ys-saf] => o:statePath=s%3Aimages^treePanelHidden=b%3A0^propertiesPanelHidden=b%3A0
)

100,75
Timer app:0.012575us
=====================================================================================================================================================
Controller: files
Action: getChildFolderTree
Id: 
stdClass Object
(
    [dir] => /
    [PHPSESSID] => 4c20161b7920c5fc89af98635a98e4b9
    [ys-saf] => o:statePath=s%3Aimages^treePanelHidden=b%3A0^propertiesPanelHidden=b%3A0
)

Timer app:0.00841us
=====================================================================================================================================================
Controller: files
Action: 
Id: 
stdClass Object
(
    [dir] => images
    [PHPSESSID] => 4c20161b7920c5fc89af98635a98e4b9
    [ys-saf] => o:statePath=s%3Aimages^treePanelHidden=b%3A0^propertiesPanelHidden=b%3A0
)

Timer app:0.013052us
=====================================================================================================================================================
Controller: files
Action: preview
Id: images/190220111220.jpg
stdClass Object
(
    [width] => 100
    [height] => 75
    [mode] => 2
    [PHPSESSID] => 4c20161b7920c5fc89af98635a98e4b9
    [ys-saf] => o:statePath=s%3Aimages^treePanelHidden=b%3A0^propertiesPanelHidden=b%3A0
)

100,75
Timer app:0.01246us
=====================================================================================================================================================
Controller: files
Action: getChildFolderTree
Id: 
stdClass Object
(
    [dir] => /
    [PHPSESSID] => 4c20161b7920c5fc89af98635a98e4b9
    [ys-saf] => o:statePath=s%3Aimages^treePanelHidden=b%3A0^propertiesPanelHidden=b%3A0
)

Timer app:0.007861us
=====================================================================================================================================================
Controller: files
Action: 
Id: 
stdClass Object
(
    [dir] => images
    [PHPSESSID] => 4c20161b7920c5fc89af98635a98e4b9
    [ys-saf] => o:statePath=s%3Aimages^treePanelHidden=b%3A0^propertiesPanelHidden=b%3A0
)

Timer app:0.017807us
=====================================================================================================================================================
Controller: files
Action: preview
Id: images/190220111220.jpg
stdClass Object
(
    [width] => 100
    [height] => 75
    [mode] => 2
    [PHPSESSID] => 4c20161b7920c5fc89af98635a98e4b9
    [ys-saf] => o:statePath=s%3Aimages^treePanelHidden=b%3A0^propertiesPanelHidden=b%3A0
)

100,75
Timer app:0.027529us
=====================================================================================================================================================
Controller: files
Action: getChildFolderTree
Id: 
stdClass Object
(
    [dir] => /
    [PHPSESSID] => 4c20161b7920c5fc89af98635a98e4b9
    [ys-saf] => o:statePath=s%3Aimages^treePanelHidden=b%3A0^propertiesPanelHidden=b%3A0
)

Timer app:0.006331us
=====================================================================================================================================================
Controller: files
Action: 
Id: 
stdClass Object
(
    [dir] => images
    [PHPSESSID] => 4c20161b7920c5fc89af98635a98e4b9
    [ys-saf] => o:statePath=s%3Aimages^treePanelHidden=b%3A0^propertiesPanelHidden=b%3A0
)

Timer app:0.009748us
=====================================================================================================================================================
Controller: files
Action: preview
Id: images/190220111220.jpg
stdClass Object
(
    [width] => 100
    [height] => 75
    [mode] => 2
    [PHPSESSID] => 4c20161b7920c5fc89af98635a98e4b9
    [ys-saf] => o:statePath=s%3Aimages^treePanelHidden=b%3A0^propertiesPanelHidden=b%3A0
)

100,75
Timer app:0.010567us
=====================================================================================================================================================
Controller: files
Action: getChildFolderTree
Id: 
stdClass Object
(
    [dir] => /
    [PHPSESSID] => 4c20161b7920c5fc89af98635a98e4b9
    [ys-saf] => o:statePath=s%3Aimages^treePanelHidden=b%3A0^propertiesPanelHidden=b%3A0
)

Timer app:0.006583us
=====================================================================================================================================================
Controller: files
Action: 
Id: 
stdClass Object
(
    [dir] => images
    [PHPSESSID] => 4c20161b7920c5fc89af98635a98e4b9
    [ys-saf] => o:statePath=s%3Aimages^treePanelHidden=b%3A0^propertiesPanelHidden=b%3A0
)

Timer app:0.010846us
=====================================================================================================================================================
Controller: files
Action: preview
Id: images/190220111220.jpg
stdClass Object
(
    [width] => 100
    [height] => 75
    [mode] => 2
    [PHPSESSID] => 4c20161b7920c5fc89af98635a98e4b9
    [ys-saf] => o:statePath=s%3Aimages^treePanelHidden=b%3A0^propertiesPanelHidden=b%3A0
)

100,75
Timer app:0.014416us
=====================================================================================================================================================
Controller: files
Action: getChildFolderTree
Id: 
stdClass Object
(
    [dir] => /
    [PHPSESSID] => 4c20161b7920c5fc89af98635a98e4b9
    [ys-saf] => o:statePath=s%3Aimages^treePanelHidden=b%3A0^propertiesPanelHidden=b%3A0
)

Timer app:0.008us
=====================================================================================================================================================
Controller: files
Action: 
Id: 
stdClass Object
(
    [dir] => images
    [PHPSESSID] => 4c20161b7920c5fc89af98635a98e4b9
    [ys-saf] => o:statePath=s%3Aimages^treePanelHidden=b%3A0^propertiesPanelHidden=b%3A0
)

Timer app:0.010324us
=====================================================================================================================================================
Controller: files
Action: preview
Id: images/190220111220.jpg
stdClass Object
(
    [width] => 100
    [height] => 75
    [mode] => 2
    [PHPSESSID] => 4c20161b7920c5fc89af98635a98e4b9
    [ys-saf] => o:statePath=s%3Aimages^treePanelHidden=b%3A0^propertiesPanelHidden=b%3A0
)

100,75
Timer app:0.009337us
=====================================================================================================================================================
Controller: files
Action: getChildFolderTree
Id: 
stdClass Object
(
    [dir] => /
    [PHPSESSID] => 4c20161b7920c5fc89af98635a98e4b9
    [ys-saf] => o:statePath=s%3Aimages^treePanelHidden=b%3A0^propertiesPanelHidden=b%3A0
)

Timer app:0.006708us
=====================================================================================================================================================
Controller: files
Action: 
Id: 
stdClass Object
(
    [dir] => images
    [PHPSESSID] => 4c20161b7920c5fc89af98635a98e4b9
    [ys-saf] => o:statePath=s%3Aimages^treePanelHidden=b%3A0^propertiesPanelHidden=b%3A0
)

Timer app:0.011598us
=====================================================================================================================================================
Controller: files
Action: preview
Id: images/190220111220.jpg
stdClass Object
(
    [width] => 100
    [height] => 75
    [mode] => 2
    [PHPSESSID] => 4c20161b7920c5fc89af98635a98e4b9
    [ys-saf] => o:statePath=s%3Aimages^treePanelHidden=b%3A0^propertiesPanelHidden=b%3A0
)

100,75
Timer app:0.012355us
=====================================================================================================================================================
Controller: files
Action: getChildFolderTree
Id: 
stdClass Object
(
    [dir] => /
    [PHPSESSID] => 4c20161b7920c5fc89af98635a98e4b9
    [ys-saf] => o:statePath=s%3Aimages^treePanelHidden=b%3A0^propertiesPanelHidden=b%3A0
)

Timer app:0.006269us
=====================================================================================================================================================
Controller: files
Action: 
Id: 
stdClass Object
(
    [dir] => images
    [PHPSESSID] => 4c20161b7920c5fc89af98635a98e4b9
    [ys-saf] => o:statePath=s%3Aimages^treePanelHidden=b%3A0^propertiesPanelHidden=b%3A0
)

Timer app:0.014701us
=====================================================================================================================================================
Controller: files
Action: preview
Id: images/190220111220.jpg
stdClass Object
(
    [width] => 100
    [height] => 75
    [mode] => 2
    [PHPSESSID] => 4c20161b7920c5fc89af98635a98e4b9
    [ys-saf] => o:statePath=s%3Aimages^treePanelHidden=b%3A0^propertiesPanelHidden=b%3A0
)

100,75
Timer app:0.010477us
=====================================================================================================================================================
Controller: files
Action: getChildFolderTree
Id: 
stdClass Object
(
    [dir] => /
    [PHPSESSID] => 4c20161b7920c5fc89af98635a98e4b9
    [ys-saf] => o:statePath=s%3Aimages^treePanelHidden=b%3A0^propertiesPanelHidden=b%3A0
)

Timer app:0.006744us
=====================================================================================================================================================
Controller: files
Action: 
Id: 
stdClass Object
(
    [dir] => images
    [PHPSESSID] => 4c20161b7920c5fc89af98635a98e4b9
    [ys-saf] => o:statePath=s%3Aimages^treePanelHidden=b%3A0^propertiesPanelHidden=b%3A0
)

Timer app:0.010634us
=====================================================================================================================================================
Controller: files
Action: preview
Id: images/190220111220.jpg
stdClass Object
(
    [width] => 100
    [height] => 75
    [mode] => 2
    [PHPSESSID] => 4c20161b7920c5fc89af98635a98e4b9
    [ys-saf] => o:statePath=s%3Aimages^treePanelHidden=b%3A0^propertiesPanelHidden=b%3A0
)

100,75
Timer app:0.010341us
=====================================================================================================================================================
Controller: files
Action: getChildFolderTree
Id: 
stdClass Object
(
    [dir] => /
    [PHPSESSID] => 4c20161b7920c5fc89af98635a98e4b9
    [ys-saf] => o:statePath=s%3Aimages^treePanelHidden=b%3A0^propertiesPanelHidden=b%3A0
)

Timer app:0.009856us
=====================================================================================================================================================
Controller: files
Action: 
Id: 
stdClass Object
(
    [dir] => images
    [PHPSESSID] => 4c20161b7920c5fc89af98635a98e4b9
    [ys-saf] => o:statePath=s%3Aimages^treePanelHidden=b%3A0^propertiesPanelHidden=b%3A0
)

Timer app:0.021362us
=====================================================================================================================================================
Controller: files
Action: preview
Id: images/190220111220.jpg
stdClass Object
(
    [width] => 100
    [height] => 75
    [mode] => 2
    [PHPSESSID] => 4c20161b7920c5fc89af98635a98e4b9
    [ys-saf] => o:statePath=s%3Aimages^treePanelHidden=b%3A0^propertiesPanelHidden=b%3A0
)

100,75
Timer app:0.00997us
=====================================================================================================================================================
Controller: files
Action: getChildFolderTree
Id: 
stdClass Object
(
    [dir] => /
    [PHPSESSID] => 4c20161b7920c5fc89af98635a98e4b9
    [ys-saf] => o:statePath=s%3Aimages^treePanelHidden=b%3A0^propertiesPanelHidden=b%3A0
)

Timer app:0.009761us
=====================================================================================================================================================
Controller: files
Action: 
Id: 
stdClass Object
(
    [dir] => images
    [PHPSESSID] => 4c20161b7920c5fc89af98635a98e4b9
    [ys-saf] => o:statePath=s%3Aimages^treePanelHidden=b%3A0^propertiesPanelHidden=b%3A0
)

Timer app:0.008608us
=====================================================================================================================================================
Controller: files
Action: preview
Id: images/190220111220.jpg
stdClass Object
(
    [width] => 100
    [height] => 75
    [mode] => 2
    [PHPSESSID] => 4c20161b7920c5fc89af98635a98e4b9
    [ys-saf] => o:statePath=s%3Aimages^treePanelHidden=b%3A0^propertiesPanelHidden=b%3A0
)

100,75
Timer app:0.011001us
=====================================================================================================================================================
Controller: files
Action: getChildFolderTree
Id: 
stdClass Object
(
    [dir] => /
    [PHPSESSID] => 4c20161b7920c5fc89af98635a98e4b9
    [ys-saf] => o:statePath=s%3Aimages^treePanelHidden=b%3A0^propertiesPanelHidden=b%3A0
)

Timer app:0.006324us
=====================================================================================================================================================
Controller: files
Action: 
Id: 
stdClass Object
(
    [dir] => images
    [PHPSESSID] => 4c20161b7920c5fc89af98635a98e4b9
    [ys-saf] => o:statePath=s%3Aimages^treePanelHidden=b%3A0^propertiesPanelHidden=b%3A0
)

Timer app:0.010683us
=====================================================================================================================================================
Controller: files
Action: preview
Id: images/190220111220.jpg
stdClass Object
(
    [width] => 100
    [height] => 75
    [mode] => 2
    [PHPSESSID] => 4c20161b7920c5fc89af98635a98e4b9
    [ys-saf] => o:statePath=s%3Aimages^treePanelHidden=b%3A0^propertiesPanelHidden=b%3A0
)

100,75
Timer app:0.01237us
=====================================================================================================================================================
Controller: files
Action: getChildFolderTree
Id: 
stdClass Object
(
    [dir] => /
    [PHPSESSID] => 4c20161b7920c5fc89af98635a98e4b9
    [ys-saf] => o:statePath=s%3Aimages^treePanelHidden=b%3A0^propertiesPanelHidden=b%3A0
)

Timer app:0.007951us
=====================================================================================================================================================
Controller: files
Action: 
Id: 
stdClass Object
(
    [dir] => images
    [PHPSESSID] => 4c20161b7920c5fc89af98635a98e4b9
    [ys-saf] => o:statePath=s%3Aimages^treePanelHidden=b%3A0^propertiesPanelHidden=b%3A0
)

Timer app:0.011416us
=====================================================================================================================================================
Controller: files
Action: preview
Id: images/190220111220.jpg
stdClass Object
(
    [width] => 100
    [height] => 75
    [mode] => 2
    [PHPSESSID] => 4c20161b7920c5fc89af98635a98e4b9
    [ys-saf] => o:statePath=s%3Aimages^treePanelHidden=b%3A0^propertiesPanelHidden=b%3A0
)

100,75
Timer app:0.010185us
=====================================================================================================================================================
Controller: files
Action: getChildFolderTree
Id: 
stdClass Object
(
    [dir] => /
    [PHPSESSID] => 4c20161b7920c5fc89af98635a98e4b9
    [ys-saf] => o:statePath=s%3Aimages^treePanelHidden=b%3A0^propertiesPanelHidden=b%3A0
)

Timer app:0.006869us
=====================================================================================================================================================
Controller: files
Action: 
Id: 
stdClass Object
(
    [dir] => images
    [PHPSESSID] => 4c20161b7920c5fc89af98635a98e4b9
    [ys-saf] => o:statePath=s%3Aimages^treePanelHidden=b%3A0^propertiesPanelHidden=b%3A0
)

Timer app:0.009473us
=====================================================================================================================================================
Controller: files
Action: preview
Id: images/190220111220.jpg
stdClass Object
(
    [width] => 100
    [height] => 75
    [mode] => 2
    [PHPSESSID] => 4c20161b7920c5fc89af98635a98e4b9
    [ys-saf] => o:statePath=s%3Aimages^treePanelHidden=b%3A0^propertiesPanelHidden=b%3A0
)

100,75
Timer app:0.010073us
=====================================================================================================================================================
Controller: files
Action: getChildFolderTree
Id: 
stdClass Object
(
    [dir] => /
    [PHPSESSID] => 4c20161b7920c5fc89af98635a98e4b9
    [ys-saf] => o:statePath=s%3Aimages^treePanelHidden=b%3A0^propertiesPanelHidden=b%3A0
)

Timer app:0.006883us
=====================================================================================================================================================
Controller: files
Action: 
Id: 
stdClass Object
(
    [dir] => images
    [PHPSESSID] => 4c20161b7920c5fc89af98635a98e4b9
    [ys-saf] => o:statePath=s%3Aimages^treePanelHidden=b%3A0^propertiesPanelHidden=b%3A0
)

Timer app:0.022881us
=====================================================================================================================================================
Controller: files
Action: preview
Id: images/190220111220.jpg
stdClass Object
(
    [width] => 100
    [height] => 75
    [mode] => 2
    [PHPSESSID] => 4c20161b7920c5fc89af98635a98e4b9
    [ys-saf] => o:statePath=s%3Aimages^treePanelHidden=b%3A0^propertiesPanelHidden=b%3A0
)

100,75
Timer app:0.013349us
=====================================================================================================================================================
Controller: files
Action: getChildFolderTree
Id: 
stdClass Object
(
    [dir] => /
    [PHPSESSID] => 4c20161b7920c5fc89af98635a98e4b9
    [ys-saf] => o:statePath=s%3Aimages^treePanelHidden=b%3A0^propertiesPanelHidden=b%3A0
)

Timer app:0.006356us
=====================================================================================================================================================
Controller: files
Action: 
Id: 
stdClass Object
(
    [dir] => images
    [PHPSESSID] => 4c20161b7920c5fc89af98635a98e4b9
    [ys-saf] => o:statePath=s%3Aimages^treePanelHidden=b%3A0^propertiesPanelHidden=b%3A0
)

Timer app:0.010351us
=====================================================================================================================================================
Controller: files
Action: preview
Id: images/190220111220.jpg
stdClass Object
(
    [width] => 100
    [height] => 75
    [mode] => 2
    [PHPSESSID] => 4c20161b7920c5fc89af98635a98e4b9
    [ys-saf] => o:statePath=s%3Aimages^treePanelHidden=b%3A0^propertiesPanelHidden=b%3A0
)

100,75
Timer app:0.009643us
=====================================================================================================================================================
Controller: files
Action: getChildFolderTree
Id: 
stdClass Object
(
    [dir] => /
    [PHPSESSID] => 4c20161b7920c5fc89af98635a98e4b9
    [ys-saf] => o:statePath=s%3Aimages^treePanelHidden=b%3A0^propertiesPanelHidden=b%3A0
)

Timer app:0.00606us
=====================================================================================================================================================
Controller: files
Action: 
Id: 
stdClass Object
(
    [dir] => images
    [PHPSESSID] => 4c20161b7920c5fc89af98635a98e4b9
    [ys-saf] => o:statePath=s%3Aimages^treePanelHidden=b%3A0^propertiesPanelHidden=b%3A0
)

Timer app:0.010173us
=====================================================================================================================================================
Controller: files
Action: preview
Id: images/190220111220.jpg
stdClass Object
(
    [width] => 100
    [height] => 75
    [mode] => 2
    [PHPSESSID] => 4c20161b7920c5fc89af98635a98e4b9
    [ys-saf] => o:statePath=s%3Aimages^treePanelHidden=b%3A0^propertiesPanelHidden=b%3A0
)

100,75
Timer app:0.008042us
=====================================================================================================================================================
Controller: files
Action: getChildFolderTree
Id: 
stdClass Object
(
    [dir] => /
    [PHPSESSID] => 4c20161b7920c5fc89af98635a98e4b9
    [ys-saf] => o:statePath=s%3Aimages^treePanelHidden=b%3A0^propertiesPanelHidden=b%3A0
)

Timer app:0.006835us
=====================================================================================================================================================
Controller: files
Action: 
Id: 
stdClass Object
(
    [dir] => images
    [PHPSESSID] => 4c20161b7920c5fc89af98635a98e4b9
    [ys-saf] => o:statePath=s%3Aimages^treePanelHidden=b%3A0^propertiesPanelHidden=b%3A0
)

Timer app:0.009895us
=====================================================================================================================================================
Controller: files
Action: preview
Id: images/190220111220.jpg
stdClass Object
(
    [width] => 100
    [height] => 75
    [mode] => 2
    [PHPSESSID] => 4c20161b7920c5fc89af98635a98e4b9
    [ys-saf] => o:statePath=s%3Aimages^treePanelHidden=b%3A0^propertiesPanelHidden=b%3A0
)

100,75
Timer app:0.010897us
=====================================================================================================================================================
Controller: files
Action: getChildFolderTree
Id: 
stdClass Object
(
    [dir] => /
    [PHPSESSID] => 4c20161b7920c5fc89af98635a98e4b9
    [ys-saf] => o:statePath=s%3Aimages^treePanelHidden=b%3A0^propertiesPanelHidden=b%3A0
)

Timer app:0.00637us
=====================================================================================================================================================
Controller: files
Action: 
Id: 
stdClass Object
(
    [dir] => images
    [PHPSESSID] => 4c20161b7920c5fc89af98635a98e4b9
    [ys-saf] => o:statePath=s%3Aimages^treePanelHidden=b%3A0^propertiesPanelHidden=b%3A0
)

Timer app:0.00987us
=====================================================================================================================================================
Controller: files
Action: preview
Id: images/190220111220.jpg
stdClass Object
(
    [width] => 100
    [height] => 75
    [mode] => 2
    [PHPSESSID] => 4c20161b7920c5fc89af98635a98e4b9
    [ys-saf] => o:statePath=s%3Aimages^treePanelHidden=b%3A0^propertiesPanelHidden=b%3A0
)

100,75
Timer app:0.010798us
=====================================================================================================================================================
Controller: files
Action: getChildFolderTree
Id: 
stdClass Object
(
    [dir] => /
    [PHPSESSID] => 4c20161b7920c5fc89af98635a98e4b9
    [ys-saf] => o:statePath=s%3Aimages^treePanelHidden=b%3A0^propertiesPanelHidden=b%3A0
)

Timer app:0.006599us
=====================================================================================================================================================
Controller: files
Action: 
Id: 
stdClass Object
(
    [dir] => images
    [PHPSESSID] => 4c20161b7920c5fc89af98635a98e4b9
    [ys-saf] => o:statePath=s%3Aimages^treePanelHidden=b%3A0^propertiesPanelHidden=b%3A0
)

Timer app:0.010434us
=====================================================================================================================================================
Controller: files
Action: preview
Id: images/190220111220.jpg
stdClass Object
(
    [width] => 100
    [height] => 75
    [mode] => 2
    [PHPSESSID] => 4c20161b7920c5fc89af98635a98e4b9
    [ys-saf] => o:statePath=s%3Aimages^treePanelHidden=b%3A0^propertiesPanelHidden=b%3A0
)

100,75
Timer app:0.010412us
=====================================================================================================================================================
Controller: files
Action: getChildFolderTree
Id: 
stdClass Object
(
    [dir] => /
    [PHPSESSID] => 4c20161b7920c5fc89af98635a98e4b9
    [ys-saf] => o:statePath=s%3Aimages^treePanelHidden=b%3A0^propertiesPanelHidden=b%3A0
)

Timer app:0.006791us
=====================================================================================================================================================
Controller: files
Action: 
Id: 
stdClass Object
(
    [dir] => images
    [PHPSESSID] => 4c20161b7920c5fc89af98635a98e4b9
    [ys-saf] => o:statePath=s%3Aimages^treePanelHidden=b%3A0^propertiesPanelHidden=b%3A0
)

Timer app:0.013045us
=====================================================================================================================================================
Controller: files
Action: preview
Id: images/190220111220.jpg
stdClass Object
(
    [width] => 100
    [height] => 75
    [mode] => 2
    [PHPSESSID] => 4c20161b7920c5fc89af98635a98e4b9
    [ys-saf] => o:statePath=s%3Aimages^treePanelHidden=b%3A0^propertiesPanelHidden=b%3A0
)

100,75
Timer app:0.017627us
=====================================================================================================================================================
Controller: files
Action: getChildFolderTree
Id: 
stdClass Object
(
    [dir] => /
    [PHPSESSID] => 4c20161b7920c5fc89af98635a98e4b9
    [ys-saf] => o:statePath=s%3Aimages^treePanelHidden=b%3A0^propertiesPanelHidden=b%3A0
)

Timer app:0.01177us
=====================================================================================================================================================
Controller: files
Action: 
Id: 
stdClass Object
(
    [dir] => images
    [PHPSESSID] => 4c20161b7920c5fc89af98635a98e4b9
    [ys-saf] => o:statePath=s%3Aimages^treePanelHidden=b%3A0^propertiesPanelHidden=b%3A0
)

Timer app:0.009616us
=====================================================================================================================================================
Controller: files
Action: preview
Id: images/190220111220.jpg
stdClass Object
(
    [width] => 100
    [height] => 75
    [mode] => 2
    [PHPSESSID] => 4c20161b7920c5fc89af98635a98e4b9
    [ys-saf] => o:statePath=s%3Aimages^treePanelHidden=b%3A0^propertiesPanelHidden=b%3A0
)

100,75
Timer app:0.011187us
=====================================================================================================================================================
Controller: files
Action: getChildFolderTree
Id: 
stdClass Object
(
    [dir] => /
    [PHPSESSID] => 4c20161b7920c5fc89af98635a98e4b9
    [ys-saf] => o:statePath=s%3Aimages^treePanelHidden=b%3A0^propertiesPanelHidden=b%3A0
)

Timer app:0.006682us
=====================================================================================================================================================
Controller: files
Action: 
Id: 
stdClass Object
(
    [dir] => images
    [PHPSESSID] => 4c20161b7920c5fc89af98635a98e4b9
    [ys-saf] => o:statePath=s%3Aimages^treePanelHidden=b%3A0^propertiesPanelHidden=b%3A0
)

Timer app:0.010712us
=====================================================================================================================================================
Controller: files
Action: preview
Id: images/190220111220.jpg
stdClass Object
(
    [width] => 100
    [height] => 75
    [mode] => 2
    [PHPSESSID] => 4c20161b7920c5fc89af98635a98e4b9
    [ys-saf] => o:statePath=s%3Aimages^treePanelHidden=b%3A0^propertiesPanelHidden=b%3A0
)

100,75
Timer app:0.011453us
=====================================================================================================================================================
Controller: files
Action: getChildFolderTree
Id: 
stdClass Object
(
    [dir] => /
    [PHPSESSID] => 4c20161b7920c5fc89af98635a98e4b9
    [ys-saf] => o:statePath=s%3Aimages^treePanelHidden=b%3A0^propertiesPanelHidden=b%3A0
)

Timer app:0.01333us
=====================================================================================================================================================
Controller: files
Action: 
Id: 
stdClass Object
(
    [dir] => images
    [PHPSESSID] => 4c20161b7920c5fc89af98635a98e4b9
    [ys-saf] => o:statePath=s%3Aimages^treePanelHidden=b%3A0^propertiesPanelHidden=b%3A0
)

Timer app:0.011175us
=====================================================================================================================================================
Controller: files
Action: preview
Id: images/190220111220.jpg
stdClass Object
(
    [width] => 100
    [height] => 75
    [mode] => 2
    [PHPSESSID] => 4c20161b7920c5fc89af98635a98e4b9
    [ys-saf] => o:statePath=s%3Aimages^treePanelHidden=b%3A0^propertiesPanelHidden=b%3A0
)

100,75
Timer app:0.009709us
=====================================================================================================================================================
Controller: files
Action: getChildFolderTree
Id: 
stdClass Object
(
    [dir] => /
    [PHPSESSID] => 4c20161b7920c5fc89af98635a98e4b9
    [ys-saf] => o:statePath=s%3Aimages^treePanelHidden=b%3A0^propertiesPanelHidden=b%3A0
)

Timer app:0.00705us
=====================================================================================================================================================
Controller: files
Action: 
Id: 
stdClass Object
(
    [dir] => images
    [PHPSESSID] => 4c20161b7920c5fc89af98635a98e4b9
    [ys-saf] => o:statePath=s%3Aimages^treePanelHidden=b%3A0^propertiesPanelHidden=b%3A0
)

Timer app:0.011611us
=====================================================================================================================================================
Controller: files
Action: preview
Id: images/190220111220.jpg
stdClass Object
(
    [width] => 100
    [height] => 75
    [mode] => 2
    [PHPSESSID] => 4c20161b7920c5fc89af98635a98e4b9
    [ys-saf] => o:statePath=s%3Aimages^treePanelHidden=b%3A0^propertiesPanelHidden=b%3A0
)

100,75
Timer app:0.01044us
=====================================================================================================================================================
Controller: files
Action: getChildFolderTree
Id: 
stdClass Object
(
    [dir] => images
    [PHPSESSID] => 4c20161b7920c5fc89af98635a98e4b9
    [ys-saf] => o:statePath=s%3Aimages^treePanelHidden=b%3A0^propertiesPanelHidden=b%3A0
)

Timer app:0.007339us
=====================================================================================================================================================
Controller: files
Action: 
Id: 
stdClass Object
(
    [dir] => images/Картинки
    [PHPSESSID] => 4c20161b7920c5fc89af98635a98e4b9
    [ys-saf] => o:statePath=s%3Aimages/%u041A%u0430%u0440%u0442%u0438%u043D%u043A%u0438^treePanelHidden=b%3A0^propertiesPanelHidden=b%3A0
)

Timer app:0.029306us
=====================================================================================================================================================
Controller: files
Action: preview
Id: images/Картинки/кукан.min.jpg
stdClass Object
(
    [width] => 100
    [height] => 75
    [mode] => 2
    [PHPSESSID] => 4c20161b7920c5fc89af98635a98e4b9
    [ys-saf] => o:statePath=s%3Aimages/%u041A%u0430%u0440%u0442%u0438%u043D%u043A%u0438^treePanelHidden=b%3A0^propertiesPanelHidden=b%3A0
)

100,75
Timer app:0.010637us
=====================================================================================================================================================
Controller: files
Action: 
Id: 
stdClass Object
(
    [dir] => Новая папка2
    [PHPSESSID] => 4c20161b7920c5fc89af98635a98e4b9
    [ys-saf] => o:statePath=s%3A%u041D%u043E%u0432%u0430%u044F%20%u043F%u0430%u043F%u043A%u04302^treePanelHidden=b%3A0^propertiesPanelHidden=b%3A0
)

Timer app:0.008073us
=====================================================================================================================================================
Controller: files
Action: getChildFolderTree
Id: 
stdClass Object
(
    [dir] => /
    [PHPSESSID] => 22d6606bd431d86ff74020fcd770ab15
    [ys-saf] => o:statePath=s%3Aimages^treePanelHidden=b%3A0^propertiesPanelHidden=b%3A0
)

Timer app:0.006063us
=====================================================================================================================================================
Controller: files
Action: 
Id: 
stdClass Object
(
    [dir] => images
    [PHPSESSID] => 22d6606bd431d86ff74020fcd770ab15
    [ys-saf] => o:statePath=s%3Aimages^treePanelHidden=b%3A0^propertiesPanelHidden=b%3A0
)

Timer app:0.009179us
=====================================================================================================================================================
Controller: files
Action: preview
Id: images/190220111220.jpg
stdClass Object
(
    [width] => 100
    [height] => 75
    [mode] => 2
    [PHPSESSID] => 22d6606bd431d86ff74020fcd770ab15
    [ys-saf] => o:statePath=s%3Aimages^treePanelHidden=b%3A0^propertiesPanelHidden=b%3A0
)

100,75
Timer app:0.007961us
=====================================================================================================================================================
Controller: files
Action: getChildFolderTree
Id: 
stdClass Object
(
    [dir] => /
    [PHPSESSID] => 22d6606bd431d86ff74020fcd770ab15
    [ys-saf] => o:statePath=s%3Aimages^treePanelHidden=b%3A0^propertiesPanelHidden=b%3A0
)

Timer app:0.006654us
=====================================================================================================================================================
Controller: files
Action: 
Id: 
stdClass Object
(
    [dir] => images
    [PHPSESSID] => 22d6606bd431d86ff74020fcd770ab15
    [ys-saf] => o:statePath=s%3Aimages^treePanelHidden=b%3A0^propertiesPanelHidden=b%3A0
)

Timer app:0.00852us
=====================================================================================================================================================
Controller: files
Action: preview
Id: images/190220111220.jpg
stdClass Object
(
    [width] => 100
    [height] => 75
    [mode] => 2
    [PHPSESSID] => 22d6606bd431d86ff74020fcd770ab15
    [ys-saf] => o:statePath=s%3Aimages^treePanelHidden=b%3A0^propertiesPanelHidden=b%3A0
)

100,75
Timer app:0.009085us
=====================================================================================================================================================
Controller: files
Action: getChildFolderTree
Id: 
stdClass Object
(
    [dir] => /
    [PHPSESSID] => 22d6606bd431d86ff74020fcd770ab15
    [ys-saf] => o:statePath=s%3Aimages^treePanelHidden=b%3A0^propertiesPanelHidden=b%3A0
)

Timer app:0.006352us
=====================================================================================================================================================
Controller: files
Action: 
Id: 
stdClass Object
(
    [dir] => images
    [PHPSESSID] => 22d6606bd431d86ff74020fcd770ab15
    [ys-saf] => o:statePath=s%3Aimages^treePanelHidden=b%3A0^propertiesPanelHidden=b%3A0
)

Timer app:0.012439us
=====================================================================================================================================================
Controller: files
Action: preview
Id: images/190220111220.jpg
stdClass Object
(
    [width] => 100
    [height] => 75
    [mode] => 2
    [PHPSESSID] => 22d6606bd431d86ff74020fcd770ab15
    [ys-saf] => o:statePath=s%3Aimages^treePanelHidden=b%3A0^propertiesPanelHidden=b%3A0
)

100,75
Timer app:0.007454us
=====================================================================================================================================================
Controller: files
Action: getChildFolderTree
Id: 
stdClass Object
(
    [dir] => /
    [PHPSESSID] => 22d6606bd431d86ff74020fcd770ab15
    [ys-saf] => o:statePath=s%3Aimages^treePanelHidden=b%3A0^propertiesPanelHidden=b%3A0
)

Timer app:0.006036us
=====================================================================================================================================================
Controller: files
Action: 
Id: 
stdClass Object
(
    [dir] => images
    [PHPSESSID] => 22d6606bd431d86ff74020fcd770ab15
    [ys-saf] => o:statePath=s%3Aimages^treePanelHidden=b%3A0^propertiesPanelHidden=b%3A0
)

Timer app:0.009108us
=====================================================================================================================================================
Controller: files
Action: preview
Id: images/190220111220.jpg
stdClass Object
(
    [width] => 100
    [height] => 75
    [mode] => 2
    [PHPSESSID] => 22d6606bd431d86ff74020fcd770ab15
    [ys-saf] => o:statePath=s%3Aimages^treePanelHidden=b%3A0^propertiesPanelHidden=b%3A0
)

100,75
Timer app:0.009598us
=====================================================================================================================================================
Controller: files
Action: getChildFolderTree
Id: 
stdClass Object
(
    [dir] => /
    [PHPSESSID] => 22d6606bd431d86ff74020fcd770ab15
    [ys-saf] => o:statePath=s%3Aimages^treePanelHidden=b%3A0^propertiesPanelHidden=b%3A0
)

Timer app:-0.991412us
=====================================================================================================================================================
Controller: files
Action: 
Id: 
stdClass Object
(
    [dir] => images
    [PHPSESSID] => 22d6606bd431d86ff74020fcd770ab15
    [ys-saf] => o:statePath=s%3Aimages^treePanelHidden=b%3A0^propertiesPanelHidden=b%3A0
)

Timer app:0.008521us
=====================================================================================================================================================
Controller: files
Action: preview
Id: images/190220111220.jpg
stdClass Object
(
    [width] => 100
    [height] => 75
    [mode] => 2
    [PHPSESSID] => 22d6606bd431d86ff74020fcd770ab15
    [ys-saf] => o:statePath=s%3Aimages^treePanelHidden=b%3A0^propertiesPanelHidden=b%3A0
)

100,75
Timer app:0.009152us
=====================================================================================================================================================
Controller: files
Action: getChildFolderTree
Id: 
stdClass Object
(
    [dir] => /
    [PHPSESSID] => 22d6606bd431d86ff74020fcd770ab15
    [ys-saf] => o:statePath=s%3Aimages^treePanelHidden=b%3A0^propertiesPanelHidden=b%3A0
)

Timer app:0.00659us
=====================================================================================================================================================
Controller: files
Action: 
Id: 
stdClass Object
(
    [dir] => images
    [PHPSESSID] => 22d6606bd431d86ff74020fcd770ab15
    [ys-saf] => o:statePath=s%3Aimages^treePanelHidden=b%3A0^propertiesPanelHidden=b%3A0
)

Timer app:0.009573us
=====================================================================================================================================================
Controller: files
Action: preview
Id: images/190220111220.jpg
stdClass Object
(
    [width] => 100
    [height] => 75
    [mode] => 2
    [PHPSESSID] => 22d6606bd431d86ff74020fcd770ab15
    [ys-saf] => o:statePath=s%3Aimages^treePanelHidden=b%3A0^propertiesPanelHidden=b%3A0
)

100,75
Timer app:0.0083us
=====================================================================================================================================================
Controller: files
Action: getChildFolderTree
Id: 
stdClass Object
(
    [dir] => /
    [PHPSESSID] => 22d6606bd431d86ff74020fcd770ab15
    [ys-saf] => o:statePath=s%3Aimages^treePanelHidden=b%3A0^propertiesPanelHidden=b%3A0
)

Timer app:0.006787us
=====================================================================================================================================================
Controller: files
Action: 
Id: 
stdClass Object
(
    [dir] => images
    [PHPSESSID] => 22d6606bd431d86ff74020fcd770ab15
    [ys-saf] => o:statePath=s%3Aimages^treePanelHidden=b%3A0^propertiesPanelHidden=b%3A0
)

Timer app:0.010508us
=====================================================================================================================================================
Controller: files
Action: preview
Id: images/190220111220.jpg
stdClass Object
(
    [width] => 100
    [height] => 75
    [mode] => 2
    [PHPSESSID] => 22d6606bd431d86ff74020fcd770ab15
    [ys-saf] => o:statePath=s%3Aimages^treePanelHidden=b%3A0^propertiesPanelHidden=b%3A0
)

100,75
Timer app:0.010341us
=====================================================================================================================================================
Controller: files
Action: getChildFolderTree
Id: 
stdClass Object
(
    [dir] => /
    [PHPSESSID] => 22d6606bd431d86ff74020fcd770ab15
    [ys-saf] => o:statePath=s%3Aimages^treePanelHidden=b%3A0^propertiesPanelHidden=b%3A0
)

Timer app:0.006166us
=====================================================================================================================================================
Controller: files
Action: 
Id: 
stdClass Object
(
    [dir] => images
    [PHPSESSID] => 22d6606bd431d86ff74020fcd770ab15
    [ys-saf] => o:statePath=s%3Aimages^treePanelHidden=b%3A0^propertiesPanelHidden=b%3A0
)

Timer app:0.007794us
=====================================================================================================================================================
Controller: files
Action: preview
Id: images/190220111220.jpg
stdClass Object
(
    [width] => 100
    [height] => 75
    [mode] => 2
    [PHPSESSID] => 22d6606bd431d86ff74020fcd770ab15
    [ys-saf] => o:statePath=s%3Aimages^treePanelHidden=b%3A0^propertiesPanelHidden=b%3A0
)

100,75
Timer app:0.009032us
=====================================================================================================================================================
Controller: files
Action: getChildFolderTree
Id: 
stdClass Object
(
    [dir] => /
    [PHPSESSID] => 22d6606bd431d86ff74020fcd770ab15
    [ys-saf] => o:statePath=s%3Aimages^treePanelHidden=b%3A0^propertiesPanelHidden=b%3A0
)

Timer app:0.006828us
=====================================================================================================================================================
Controller: files
Action: 
Id: 
stdClass Object
(
    [dir] => images
    [PHPSESSID] => 22d6606bd431d86ff74020fcd770ab15
    [ys-saf] => o:statePath=s%3Aimages^treePanelHidden=b%3A0^propertiesPanelHidden=b%3A0
)

Timer app:0.010095us
=====================================================================================================================================================
Controller: files
Action: preview
Id: images/190220111220.jpg
stdClass Object
(
    [width] => 100
    [height] => 75
    [mode] => 2
    [PHPSESSID] => 22d6606bd431d86ff74020fcd770ab15
    [ys-saf] => o:statePath=s%3Aimages^treePanelHidden=b%3A0^propertiesPanelHidden=b%3A0
)

100,75
Timer app:0.009478us
=====================================================================================================================================================
Controller: files
Action: 
Id: 
stdClass Object
(
    [dir] => Новая папка2
    [PHPSESSID] => 22d6606bd431d86ff74020fcd770ab15
    [ys-saf] => o:statePath=s%3Aimages^treePanelHidden=b%3A0^propertiesPanelHidden=b%3A0
)

Timer app:0.017021us
=====================================================================================================================================================
Controller: files
Action: getChildFolderTree
Id: 
stdClass Object
(
    [dir] => /
    [PHPSESSID] => 22d6606bd431d86ff74020fcd770ab15
    [ys-saf] => o:statePath=s%3A%u041D%u043E%u0432%u0430%u044F%20%u043F%u0430%u043F%u043A%u04302^treePanelHidden=b%3A0^propertiesPanelHidden=b%3A0
)

Timer app:0.013191us
=====================================================================================================================================================
Controller: files
Action: 
Id: 
stdClass Object
(
    [dir] => Новая папка2
    [PHPSESSID] => 22d6606bd431d86ff74020fcd770ab15
    [ys-saf] => o:statePath=s%3A%u041D%u043E%u0432%u0430%u044F%20%u043F%u0430%u043F%u043A%u04302^treePanelHidden=b%3A0^propertiesPanelHidden=b%3A0
)

Timer app:0.008395us
